2024-12-31T09:19:50.091674+00:00 INFO 'ansible_navigator.setup_logger' New ansible-navigator instance, logging initialized
2024-12-31T09:19:50.092167+00:00 INFO 'ansible_navigator.setup_logger' New ansible-runner instance, logging initialized
2024-12-31T09:19:50.092229+00:00 DEBUG 'ansible_navigator.main' ansible-builder==1.1.0 /usr/lib/python3.9/site-packages
2024-12-31T09:19:50.092257+00:00 DEBUG 'ansible_navigator.main' ansible-core==2.13.4 /usr/lib/python3.9/site-packages
2024-12-31T09:19:50.092281+00:00 DEBUG 'ansible_navigator.main' ansible-navigator==2.1.0 /usr/lib/python3.9/site-packages
2024-12-31T09:19:50.092302+00:00 DEBUG 'ansible_navigator.main' ansible-runner==2.2.1 /usr/lib/python3.9/site-packages
2024-12-31T09:19:50.092323+00:00 DEBUG 'ansible_navigator.main' attrs==21.4.0 /usr/lib/python3.9/site-packages
2024-12-31T09:19:50.092344+00:00 DEBUG 'ansible_navigator.main' bindep==2.10.2 /usr/lib/python3.9/site-packages
2024-12-31T09:19:50.092363+00:00 DEBUG 'ansible_navigator.main' cffi==1.14.3 /usr/lib64/python3.9/site-packages
2024-12-31T09:19:50.092383+00:00 DEBUG 'ansible_navigator.main' cryptography==3.3.1 /usr/lib64/python3.9/site-packages
2024-12-31T09:19:50.092403+00:00 DEBUG 'ansible_navigator.main' distro==1.6.0 /usr/lib/python3.9/site-packages
2024-12-31T09:19:50.092423+00:00 DEBUG 'ansible_navigator.main' docutils==0.16 /usr/lib/python3.9/site-packages
2024-12-31T09:19:50.092443+00:00 DEBUG 'ansible_navigator.main' idna==2.10 /usr/lib/python3.9/site-packages
2024-12-31T09:19:50.092463+00:00 DEBUG 'ansible_navigator.main' importlib-metadata==4.10.1 /usr/lib/python3.9/site-packages
2024-12-31T09:19:50.092482+00:00 DEBUG 'ansible_navigator.main' jinja2==3.0.3 /usr/lib/python3.9/site-packages
2024-12-31T09:19:50.092502+00:00 DEBUG 'ansible_navigator.main' jsonschema==4.6.0 /usr/lib/python3.9/site-packages
2024-12-31T09:19:50.092522+00:00 DEBUG 'ansible_navigator.main' lockfile==0.12.2 /usr/lib/python3.9/site-packages
2024-12-31T09:19:50.092542+00:00 DEBUG 'ansible_navigator.main' markupsafe==2.1.0 /usr/lib64/python3.9/site-packages
2024-12-31T09:19:50.092561+00:00 DEBUG 'ansible_navigator.main' onigurumacffi==1.1.0 /usr/lib64/python3.9/site-packages
2024-12-31T09:19:50.092580+00:00 DEBUG 'ansible_navigator.main' packaging==21.3 /usr/lib/python3.9/site-packages
2024-12-31T09:19:50.092600+00:00 DEBUG 'ansible_navigator.main' parsley==1.3 /usr/lib/python3.9/site-packages
2024-12-31T09:19:50.092618+00:00 DEBUG 'ansible_navigator.main' pbr==5.8.1 /usr/lib/python3.9/site-packages
2024-12-31T09:19:50.092638+00:00 DEBUG 'ansible_navigator.main' pexpect==4.8.0 /usr/lib/python3.9/site-packages
2024-12-31T09:19:50.092657+00:00 DEBUG 'ansible_navigator.main' pip==20.2.4 /usr/lib/python3.9/site-packages
2024-12-31T09:19:50.092676+00:00 DEBUG 'ansible_navigator.main' ply==3.11 /usr/lib/python3.9/site-packages
2024-12-31T09:19:50.092695+00:00 DEBUG 'ansible_navigator.main' ptyprocess==0.6.0 /usr/lib/python3.9/site-packages
2024-12-31T09:19:50.092714+00:00 DEBUG 'ansible_navigator.main' pycparser==2.20 /usr/lib/python3.9/site-packages
2024-12-31T09:19:50.092733+00:00 DEBUG 'ansible_navigator.main' pyparsing==2.4.7 /usr/lib/python3.9/site-packages
2024-12-31T09:19:50.092752+00:00 DEBUG 'ansible_navigator.main' pyrsistent==0.18.1 /usr/lib64/python3.9/site-packages
2024-12-31T09:19:50.092772+00:00 DEBUG 'ansible_navigator.main' python-daemon==2.3.0 /usr/lib/python3.9/site-packages
2024-12-31T09:19:50.092790+00:00 DEBUG 'ansible_navigator.main' pyyaml==5.4.1 /usr/lib64/python3.9/site-packages
2024-12-31T09:19:50.092809+00:00 DEBUG 'ansible_navigator.main' requirements-parser==0.2.0 /usr/lib/python3.9/site-packages
2024-12-31T09:19:50.092828+00:00 DEBUG 'ansible_navigator.main' resolvelib==0.5.4 /usr/lib/python3.9/site-packages
2024-12-31T09:19:50.092847+00:00 DEBUG 'ansible_navigator.main' setuptools==50.3.2 /usr/lib/python3.9/site-packages
2024-12-31T09:19:50.092866+00:00 DEBUG 'ansible_navigator.main' six==1.15.0 /usr/lib/python3.9/site-packages
2024-12-31T09:19:50.092885+00:00 DEBUG 'ansible_navigator.main' typing-extensions==3.10.0.2 /usr/lib/python3.9/site-packages
2024-12-31T09:19:50.092921+00:00 DEBUG 'ansible_navigator.main' zipp==3.4.0 /usr/lib/python3.9/site-packages
2024-12-31T09:19:50.092953+00:00 DEBUG 'ansible_navigator.main' Share directory '/usr/lib/python3.9/share/ansible_navigator' not found (development path)
2024-12-31T09:19:50.092984+00:00 DEBUG 'ansible_navigator.main' Share directory '/home/student/.local/share/ansible_navigator' not found (userbase)
2024-12-31T09:19:50.093008+00:00 DEBUG 'ansible_navigator.main' Share directory '/usr/share/ansible_navigator' found (sys.prefix)
2024-12-31T09:19:50.093029+00:00 DEBUG 'ansible_navigator.main' Default collection_doc_cache_path set to: /home/student/.cache/ansible-navigator/collection_doc_cache.db
2024-12-31T09:19:50.093049+00:00 DEBUG 'ansible_navigator.main' EDITOR environment variable not set
2024-12-31T09:19:50.093069+00:00 DEBUG 'ansible_navigator.main' Default editor_command set to: vi +{line_number} {filename}
2024-12-31T09:19:50.093088+00:00 DEBUG 'ansible_navigator.main' No config file set by ANSIBLE_NAVIGATOR_CONFIG
2024-12-31T09:19:50.093107+00:00 DEBUG 'ansible_navigator.main' Looking in /home/student
2024-12-31T09:19:50.093126+00:00 DEBUG 'ansible_navigator.main' Looking for '/home/student/.ansible-navigator.yml', '/home/student/.ansible-navigator.yaml' and '/home/student/.ansible-navigator.json'
2024-12-31T09:19:50.093158+00:00 DEBUG 'ansible_navigator.main' Found 0: 
2024-12-31T09:19:50.093178+00:00 DEBUG 'ansible_navigator.main' Looking in /home/student/EX374/custom-ee-python
2024-12-31T09:19:50.093197+00:00 DEBUG 'ansible_navigator.main' Looking for '/home/student/EX374/custom-ee-python/ansible-navigator.yml', '/home/student/EX374/custom-ee-python/ansible-navigator.yaml' and '/home/student/EX374/custom-ee-python/ansible-navigator.json'
2024-12-31T09:19:50.093218+00:00 DEBUG 'ansible_navigator.main' Found 0: 
2024-12-31T09:19:50.093237+00:00 DEBUG 'ansible_navigator.main' All found 0: 
2024-12-31T09:19:50.093256+00:00 DEBUG 'ansible_navigator.main' Using: None
2024-12-31T09:19:50.093275+00:00 DEBUG 'ansible_navigator.main' No valid settings file found, using all default values for settings.
2024-12-31T09:19:50.093295+00:00 DEBUG 'ansible_navigator.main' Command provided: '--eei hub.lab.example.com/custom-ee-python:v1.0 -m interactive --pae false --pp missing'
2024-12-31T09:19:50.093318+00:00 WARNING 'ansible_navigator.main' Configuration errors encountered, rolling back to previous configuration.
2024-12-31T09:19:50.093338+00:00 DEBUG 'ansible_navigator.main' Prior to rollback: ansible_runner_artifact_dir = 'Not set' (Constants/Not set)
2024-12-31T09:19:50.093357+00:00 DEBUG 'ansible_navigator.main' Prior to rollback: ansible_runner_rotate_artifacts_count = 'Not set' (Constants/Not set)
2024-12-31T09:19:50.093376+00:00 DEBUG 'ansible_navigator.main' Prior to rollback: ansible_runner_timeout = 'Not set' (Constants/Not set)
2024-12-31T09:19:50.093395+00:00 DEBUG 'ansible_navigator.main' Prior to rollback: app = 'welcome' (str/Defaults)
2024-12-31T09:19:50.093414+00:00 DEBUG 'ansible_navigator.main' Prior to rollback: cmdline = '['--eei', 'hub.lab.example.com/custom-ee-python:v1.0', '-m', 'interactive', '--pae', 'false', '--pp', 'missing']' (list/Command line)
2024-12-31T09:19:50.093435+00:00 DEBUG 'ansible_navigator.main' Prior to rollback: collection_doc_cache_path = '/home/student/.cache/ansible-navigator/collection_doc_cache.db' (str/Defaults)
2024-12-31T09:19:50.093455+00:00 DEBUG 'ansible_navigator.main' Prior to rollback: config = 'Not set' (Constants/Not set)
2024-12-31T09:19:50.093474+00:00 DEBUG 'ansible_navigator.main' Prior to rollback: container_engine = 'auto' (str/Defaults)
2024-12-31T09:19:50.093493+00:00 DEBUG 'ansible_navigator.main' Prior to rollback: container_options = 'Not set' (Constants/Not set)
2024-12-31T09:19:50.093512+00:00 DEBUG 'ansible_navigator.main' Prior to rollback: display_color = 'True' (bool/Defaults)
2024-12-31T09:19:50.093531+00:00 DEBUG 'ansible_navigator.main' Prior to rollback: editor_command = 'vi +{line_number} {filename}' (str/Defaults)
2024-12-31T09:19:50.093561+00:00 DEBUG 'ansible_navigator.main' Prior to rollback: editor_console = 'True' (bool/Defaults)
2024-12-31T09:19:50.093581+00:00 DEBUG 'ansible_navigator.main' Prior to rollback: exec_command = '/bin/bash' (str/Defaults)
2024-12-31T09:19:50.093600+00:00 DEBUG 'ansible_navigator.main' Prior to rollback: exec_shell = 'True' (bool/Defaults)
2024-12-31T09:19:50.093619+00:00 DEBUG 'ansible_navigator.main' Prior to rollback: execution_environment = 'True' (bool/Defaults)
2024-12-31T09:19:50.093638+00:00 DEBUG 'ansible_navigator.main' Prior to rollback: execution_environment_image = 'hub.lab.example.com/custom-ee-python:v1.0' (str/Command line)
2024-12-31T09:19:50.093656+00:00 DEBUG 'ansible_navigator.main' Prior to rollback: execution_environment_volume_mounts = 'Not set' (Constants/Not set)
2024-12-31T09:19:50.093675+00:00 DEBUG 'ansible_navigator.main' Prior to rollback: help_builder = 'False' (bool/Defaults)
2024-12-31T09:19:50.093694+00:00 DEBUG 'ansible_navigator.main' Prior to rollback: help_config = 'False' (bool/Defaults)
2024-12-31T09:19:50.093713+00:00 DEBUG 'ansible_navigator.main' Prior to rollback: help_doc = 'False' (bool/Defaults)
2024-12-31T09:19:50.093732+00:00 DEBUG 'ansible_navigator.main' Prior to rollback: help_inventory = 'False' (bool/Defaults)
2024-12-31T09:19:50.093751+00:00 DEBUG 'ansible_navigator.main' Prior to rollback: help_playbook = 'False' (bool/Defaults)
2024-12-31T09:19:50.093770+00:00 DEBUG 'ansible_navigator.main' Prior to rollback: images_details = '['everything']' (list/Defaults)
2024-12-31T09:19:50.093788+00:00 DEBUG 'ansible_navigator.main' Prior to rollback: inventory = 'Not set' (Constants/Not set)
2024-12-31T09:19:50.093807+00:00 DEBUG 'ansible_navigator.main' Prior to rollback: inventory_column = 'Not set' (Constants/Not set)
2024-12-31T09:19:50.093826+00:00 DEBUG 'ansible_navigator.main' Prior to rollback: lint_config = 'Not set' (Constants/Not set)
2024-12-31T09:19:50.093845+00:00 DEBUG 'ansible_navigator.main' Prior to rollback: lintables = 'Not set' (Constants/Not set)
2024-12-31T09:19:50.093864+00:00 DEBUG 'ansible_navigator.main' Prior to rollback: log_append = 'True' (bool/Defaults)
2024-12-31T09:19:50.093883+00:00 DEBUG 'ansible_navigator.main' Prior to rollback: log_file = '/home/student/EX374/custom-ee-python/ansible-navigator.log' (str/Defaults)
2024-12-31T09:19:50.093902+00:00 DEBUG 'ansible_navigator.main' Prior to rollback: log_level = 'warning' (str/Defaults)
2024-12-31T09:19:50.093921+00:00 DEBUG 'ansible_navigator.main' Prior to rollback: mode = 'interactive' (str/Command line)
2024-12-31T09:19:50.093940+00:00 DEBUG 'ansible_navigator.main' Prior to rollback: osc4 = 'True' (bool/Defaults)
2024-12-31T09:19:50.093982+00:00 DEBUG 'ansible_navigator.main' Prior to rollback: pass_environment_variable = 'Not set' (Constants/Not set)
2024-12-31T09:19:50.094005+00:00 DEBUG 'ansible_navigator.main' Prior to rollback: playbook = 'Not set' (Constants/Not set)
2024-12-31T09:19:50.094024+00:00 DEBUG 'ansible_navigator.main' Prior to rollback: playbook_artifact_enable = 'True' (bool/Defaults)
2024-12-31T09:19:50.094044+00:00 DEBUG 'ansible_navigator.main' Prior to rollback: playbook_artifact_replay = 'Not set' (Constants/Not set)
2024-12-31T09:19:50.094063+00:00 DEBUG 'ansible_navigator.main' Prior to rollback: playbook_artifact_save_as = '{playbook_dir}/{playbook_name}-artifact-{time_stamp}.json' (str/Defaults)
2024-12-31T09:19:50.094082+00:00 DEBUG 'ansible_navigator.main' Prior to rollback: plugin_name = 'Not set' (Constants/Not set)
2024-12-31T09:19:50.094101+00:00 DEBUG 'ansible_navigator.main' Prior to rollback: plugin_type = 'module' (str/Defaults)
2024-12-31T09:19:50.094120+00:00 DEBUG 'ansible_navigator.main' Prior to rollback: pull_arguments = 'Not set' (Constants/Not set)
2024-12-31T09:19:50.094139+00:00 DEBUG 'ansible_navigator.main' Prior to rollback: pull_policy = 'tag' (str/Defaults)
2024-12-31T09:19:50.094158+00:00 DEBUG 'ansible_navigator.main' Prior to rollback: set_environment_variable = 'Not set' (Constants/Not set)
2024-12-31T09:19:50.094188+00:00 DEBUG 'ansible_navigator.main' Prior to rollback: settings_effective = 'False' (bool/Defaults)
2024-12-31T09:19:50.094208+00:00 DEBUG 'ansible_navigator.main' Prior to rollback: settings_sample = 'False' (bool/Defaults)
2024-12-31T09:19:50.094228+00:00 DEBUG 'ansible_navigator.main' Prior to rollback: settings_schema = 'json' (str/Defaults)
2024-12-31T09:19:50.094246+00:00 DEBUG 'ansible_navigator.main' Prior to rollback: settings_sources = 'False' (bool/Defaults)
2024-12-31T09:19:50.094265+00:00 DEBUG 'ansible_navigator.main' Prior to rollback: time_zone = 'UTC' (str/Defaults)
2024-12-31T09:19:50.094284+00:00 DEBUG 'ansible_navigator.main' Prior to rollback: workdir = '/home/student/EX374/custom-ee-python' (str/Defaults)
2024-12-31T09:19:50.094303+00:00 DEBUG 'ansible_navigator.main' After rollback: ansible_runner_artifact_dir = 'Not set' (Constants/Not set)
2024-12-31T09:19:50.094322+00:00 DEBUG 'ansible_navigator.main' After rollback: ansible_runner_rotate_artifacts_count = 'Not set' (Constants/Not set)
2024-12-31T09:19:50.094341+00:00 DEBUG 'ansible_navigator.main' After rollback: ansible_runner_timeout = 'Not set' (Constants/Not set)
2024-12-31T09:19:50.094360+00:00 DEBUG 'ansible_navigator.main' After rollback: app = 'Not set' (Constants/Not set)
2024-12-31T09:19:50.094379+00:00 DEBUG 'ansible_navigator.main' After rollback: cmdline = 'Not set' (Constants/Not set)
2024-12-31T09:19:50.094398+00:00 DEBUG 'ansible_navigator.main' After rollback: collection_doc_cache_path = 'Not set' (Constants/Not set)
2024-12-31T09:19:50.094417+00:00 DEBUG 'ansible_navigator.main' After rollback: config = 'Not set' (Constants/Not set)
2024-12-31T09:19:50.094436+00:00 DEBUG 'ansible_navigator.main' After rollback: container_engine = 'Not set' (Constants/Not set)
2024-12-31T09:19:50.094455+00:00 DEBUG 'ansible_navigator.main' After rollback: container_options = 'Not set' (Constants/Not set)
2024-12-31T09:19:50.094473+00:00 DEBUG 'ansible_navigator.main' After rollback: display_color = 'Not set' (Constants/Not set)
2024-12-31T09:19:50.094492+00:00 DEBUG 'ansible_navigator.main' After rollback: editor_command = 'Not set' (Constants/Not set)
2024-12-31T09:19:50.094511+00:00 DEBUG 'ansible_navigator.main' After rollback: editor_console = 'Not set' (Constants/Not set)
2024-12-31T09:19:50.094530+00:00 DEBUG 'ansible_navigator.main' After rollback: exec_command = 'Not set' (Constants/Not set)
2024-12-31T09:19:50.094549+00:00 DEBUG 'ansible_navigator.main' After rollback: exec_shell = 'Not set' (Constants/Not set)
2024-12-31T09:19:50.094568+00:00 DEBUG 'ansible_navigator.main' After rollback: execution_environment = 'Not set' (Constants/Not set)
2024-12-31T09:19:50.094586+00:00 DEBUG 'ansible_navigator.main' After rollback: execution_environment_image = 'Not set' (Constants/Not set)
2024-12-31T09:19:50.094605+00:00 DEBUG 'ansible_navigator.main' After rollback: execution_environment_volume_mounts = 'Not set' (Constants/Not set)
2024-12-31T09:19:50.094624+00:00 DEBUG 'ansible_navigator.main' After rollback: help_builder = 'Not set' (Constants/Not set)
2024-12-31T09:19:50.094642+00:00 DEBUG 'ansible_navigator.main' After rollback: help_config = 'Not set' (Constants/Not set)
2024-12-31T09:19:50.094662+00:00 DEBUG 'ansible_navigator.main' After rollback: help_doc = 'Not set' (Constants/Not set)
2024-12-31T09:19:50.094680+00:00 DEBUG 'ansible_navigator.main' After rollback: help_inventory = 'Not set' (Constants/Not set)
2024-12-31T09:19:50.094699+00:00 DEBUG 'ansible_navigator.main' After rollback: help_playbook = 'Not set' (Constants/Not set)
2024-12-31T09:19:50.094717+00:00 DEBUG 'ansible_navigator.main' After rollback: images_details = 'Not set' (Constants/Not set)
2024-12-31T09:19:50.094736+00:00 DEBUG 'ansible_navigator.main' After rollback: inventory = 'Not set' (Constants/Not set)
2024-12-31T09:19:50.094755+00:00 DEBUG 'ansible_navigator.main' After rollback: inventory_column = 'Not set' (Constants/Not set)
2024-12-31T09:19:50.094773+00:00 DEBUG 'ansible_navigator.main' After rollback: lint_config = 'Not set' (Constants/Not set)
2024-12-31T09:19:50.094804+00:00 DEBUG 'ansible_navigator.main' After rollback: lintables = 'Not set' (Constants/Not set)
2024-12-31T09:19:50.094823+00:00 DEBUG 'ansible_navigator.main' After rollback: log_append = 'Not set' (Constants/Not set)
2024-12-31T09:19:50.094842+00:00 DEBUG 'ansible_navigator.main' After rollback: log_file = 'Not set' (Constants/Not set)
2024-12-31T09:19:50.094861+00:00 DEBUG 'ansible_navigator.main' After rollback: log_level = 'Not set' (Constants/Not set)
2024-12-31T09:19:50.094879+00:00 DEBUG 'ansible_navigator.main' After rollback: mode = 'Not set' (Constants/Not set)
2024-12-31T09:19:50.094898+00:00 DEBUG 'ansible_navigator.main' After rollback: osc4 = 'Not set' (Constants/Not set)
2024-12-31T09:19:50.094916+00:00 DEBUG 'ansible_navigator.main' After rollback: pass_environment_variable = 'Not set' (Constants/Not set)
2024-12-31T09:19:50.094935+00:00 DEBUG 'ansible_navigator.main' After rollback: playbook = 'Not set' (Constants/Not set)
2024-12-31T09:19:50.094961+00:00 DEBUG 'ansible_navigator.main' After rollback: playbook_artifact_enable = 'Not set' (Constants/Not set)
2024-12-31T09:19:50.094988+00:00 DEBUG 'ansible_navigator.main' After rollback: playbook_artifact_replay = 'Not set' (Constants/Not set)
2024-12-31T09:19:50.095008+00:00 DEBUG 'ansible_navigator.main' After rollback: playbook_artifact_save_as = 'Not set' (Constants/Not set)
2024-12-31T09:19:50.095027+00:00 DEBUG 'ansible_navigator.main' After rollback: plugin_name = 'Not set' (Constants/Not set)
2024-12-31T09:19:50.095046+00:00 DEBUG 'ansible_navigator.main' After rollback: plugin_type = 'Not set' (Constants/Not set)
2024-12-31T09:19:50.095064+00:00 DEBUG 'ansible_navigator.main' After rollback: pull_arguments = 'Not set' (Constants/Not set)
2024-12-31T09:19:50.095083+00:00 DEBUG 'ansible_navigator.main' After rollback: pull_policy = 'Not set' (Constants/Not set)
2024-12-31T09:19:50.095102+00:00 DEBUG 'ansible_navigator.main' After rollback: set_environment_variable = 'Not set' (Constants/Not set)
2024-12-31T09:19:50.095121+00:00 DEBUG 'ansible_navigator.main' After rollback: settings_effective = 'Not set' (Constants/Not set)
2024-12-31T09:19:50.095139+00:00 DEBUG 'ansible_navigator.main' After rollback: settings_sample = 'Not set' (Constants/Not set)
2024-12-31T09:19:50.095158+00:00 DEBUG 'ansible_navigator.main' After rollback: settings_schema = 'Not set' (Constants/Not set)
2024-12-31T09:19:50.095176+00:00 DEBUG 'ansible_navigator.main' After rollback: settings_sources = 'Not set' (Constants/Not set)
2024-12-31T09:19:50.095195+00:00 DEBUG 'ansible_navigator.main' After rollback: time_zone = 'Not set' (Constants/Not set)
2024-12-31T09:19:50.095214+00:00 DEBUG 'ansible_navigator.main' After rollback: workdir = 'Not set' (Constants/Not set)
2024-12-31T09:19:50.095233+00:00 DEBUG 'ansible_navigator.main' Configuration rollback complete.
2024-12-31T09:19:50.095252+00:00 DEBUG 'ansible_navigator.main' Collection doc cache not mounted
2024-12-31T09:19:50.095285+00:00 WARNING 'ansible_navigator.main' Issues were found while applying the settings.
2024-12-31T09:19:50.095308+00:00 INFO 'ansible_navigator.main' Command provided: '--eei hub.lab.example.com/custom-ee-python:v1.0 -m interactive --pae false --pp missing'
2024-12-31T09:19:50.095332+00:00 ERROR 'ansible_navigator.main' argument {subcommand} --help: invalid choice: 'false' (choose from 'builder', 'collections', 'config', 'doc', 'exec', 'images', 'inventory', 'lint', 'replay', 'run', 'settings', 'welcome')
2024-12-31T09:19:50.095354+00:00 INFO 'ansible_navigator.main' Configuration failed, using default log file location. (/home/student/EX374/custom-ee-python/ansible-navigator.log) Log level set to debug
2024-12-31T09:19:50.095388+00:00 INFO 'ansible_navigator.main' Review the hints and log file to see what went wrong.
2024-12-31T09:20:30.720755+00:00 INFO 'ansible_navigator.setup_logger' New ansible-navigator instance, logging initialized
2024-12-31T09:20:30.721236+00:00 INFO 'ansible_navigator.setup_logger' New ansible-runner instance, logging initialized
2024-12-31T09:20:30.721306+00:00 DEBUG 'ansible_navigator.main' ansible-builder==1.1.0 /usr/lib/python3.9/site-packages
2024-12-31T09:20:30.721334+00:00 DEBUG 'ansible_navigator.main' ansible-core==2.13.4 /usr/lib/python3.9/site-packages
2024-12-31T09:20:30.721357+00:00 DEBUG 'ansible_navigator.main' ansible-navigator==2.1.0 /usr/lib/python3.9/site-packages
2024-12-31T09:20:30.721379+00:00 DEBUG 'ansible_navigator.main' ansible-runner==2.2.1 /usr/lib/python3.9/site-packages
2024-12-31T09:20:30.721399+00:00 DEBUG 'ansible_navigator.main' attrs==21.4.0 /usr/lib/python3.9/site-packages
2024-12-31T09:20:30.721419+00:00 DEBUG 'ansible_navigator.main' bindep==2.10.2 /usr/lib/python3.9/site-packages
2024-12-31T09:20:30.721439+00:00 DEBUG 'ansible_navigator.main' cffi==1.14.3 /usr/lib64/python3.9/site-packages
2024-12-31T09:20:30.721458+00:00 DEBUG 'ansible_navigator.main' cryptography==3.3.1 /usr/lib64/python3.9/site-packages
2024-12-31T09:20:30.721478+00:00 DEBUG 'ansible_navigator.main' distro==1.6.0 /usr/lib/python3.9/site-packages
2024-12-31T09:20:30.721497+00:00 DEBUG 'ansible_navigator.main' docutils==0.16 /usr/lib/python3.9/site-packages
2024-12-31T09:20:30.721517+00:00 DEBUG 'ansible_navigator.main' idna==2.10 /usr/lib/python3.9/site-packages
2024-12-31T09:20:30.721536+00:00 DEBUG 'ansible_navigator.main' importlib-metadata==4.10.1 /usr/lib/python3.9/site-packages
2024-12-31T09:20:30.721556+00:00 DEBUG 'ansible_navigator.main' jinja2==3.0.3 /usr/lib/python3.9/site-packages
2024-12-31T09:20:30.721576+00:00 DEBUG 'ansible_navigator.main' jsonschema==4.6.0 /usr/lib/python3.9/site-packages
2024-12-31T09:20:30.721596+00:00 DEBUG 'ansible_navigator.main' lockfile==0.12.2 /usr/lib/python3.9/site-packages
2024-12-31T09:20:30.721615+00:00 DEBUG 'ansible_navigator.main' markupsafe==2.1.0 /usr/lib64/python3.9/site-packages
2024-12-31T09:20:30.721635+00:00 DEBUG 'ansible_navigator.main' onigurumacffi==1.1.0 /usr/lib64/python3.9/site-packages
2024-12-31T09:20:30.721654+00:00 DEBUG 'ansible_navigator.main' packaging==21.3 /usr/lib/python3.9/site-packages
2024-12-31T09:20:30.721673+00:00 DEBUG 'ansible_navigator.main' parsley==1.3 /usr/lib/python3.9/site-packages
2024-12-31T09:20:30.721692+00:00 DEBUG 'ansible_navigator.main' pbr==5.8.1 /usr/lib/python3.9/site-packages
2024-12-31T09:20:30.721711+00:00 DEBUG 'ansible_navigator.main' pexpect==4.8.0 /usr/lib/python3.9/site-packages
2024-12-31T09:20:30.721730+00:00 DEBUG 'ansible_navigator.main' pip==20.2.4 /usr/lib/python3.9/site-packages
2024-12-31T09:20:30.721749+00:00 DEBUG 'ansible_navigator.main' ply==3.11 /usr/lib/python3.9/site-packages
2024-12-31T09:20:30.721768+00:00 DEBUG 'ansible_navigator.main' ptyprocess==0.6.0 /usr/lib/python3.9/site-packages
2024-12-31T09:20:30.721787+00:00 DEBUG 'ansible_navigator.main' pycparser==2.20 /usr/lib/python3.9/site-packages
2024-12-31T09:20:30.721806+00:00 DEBUG 'ansible_navigator.main' pyparsing==2.4.7 /usr/lib/python3.9/site-packages
2024-12-31T09:20:30.721825+00:00 DEBUG 'ansible_navigator.main' pyrsistent==0.18.1 /usr/lib64/python3.9/site-packages
2024-12-31T09:20:30.721846+00:00 DEBUG 'ansible_navigator.main' python-daemon==2.3.0 /usr/lib/python3.9/site-packages
2024-12-31T09:20:30.721875+00:00 DEBUG 'ansible_navigator.main' pyyaml==5.4.1 /usr/lib64/python3.9/site-packages
2024-12-31T09:20:30.721896+00:00 DEBUG 'ansible_navigator.main' requirements-parser==0.2.0 /usr/lib/python3.9/site-packages
2024-12-31T09:20:30.721915+00:00 DEBUG 'ansible_navigator.main' resolvelib==0.5.4 /usr/lib/python3.9/site-packages
2024-12-31T09:20:30.721934+00:00 DEBUG 'ansible_navigator.main' setuptools==50.3.2 /usr/lib/python3.9/site-packages
2024-12-31T09:20:30.721953+00:00 DEBUG 'ansible_navigator.main' six==1.15.0 /usr/lib/python3.9/site-packages
2024-12-31T09:20:30.722017+00:00 DEBUG 'ansible_navigator.main' typing-extensions==3.10.0.2 /usr/lib/python3.9/site-packages
2024-12-31T09:20:30.722039+00:00 DEBUG 'ansible_navigator.main' zipp==3.4.0 /usr/lib/python3.9/site-packages
2024-12-31T09:20:30.722058+00:00 DEBUG 'ansible_navigator.main' Share directory '/usr/lib/python3.9/share/ansible_navigator' not found (development path)
2024-12-31T09:20:30.722091+00:00 DEBUG 'ansible_navigator.main' Share directory '/home/student/.local/share/ansible_navigator' not found (userbase)
2024-12-31T09:20:30.722112+00:00 DEBUG 'ansible_navigator.main' Share directory '/usr/share/ansible_navigator' found (sys.prefix)
2024-12-31T09:20:30.722132+00:00 DEBUG 'ansible_navigator.main' Default collection_doc_cache_path set to: /home/student/.cache/ansible-navigator/collection_doc_cache.db
2024-12-31T09:20:30.722152+00:00 DEBUG 'ansible_navigator.main' EDITOR environment variable not set
2024-12-31T09:20:30.722171+00:00 DEBUG 'ansible_navigator.main' Default editor_command set to: vi +{line_number} {filename}
2024-12-31T09:20:30.722191+00:00 DEBUG 'ansible_navigator.main' No config file set by ANSIBLE_NAVIGATOR_CONFIG
2024-12-31T09:20:30.722210+00:00 DEBUG 'ansible_navigator.main' Looking in /home/student
2024-12-31T09:20:30.722229+00:00 DEBUG 'ansible_navigator.main' Looking for '/home/student/.ansible-navigator.yml', '/home/student/.ansible-navigator.yaml' and '/home/student/.ansible-navigator.json'
2024-12-31T09:20:30.722262+00:00 DEBUG 'ansible_navigator.main' Found 0: 
2024-12-31T09:20:30.722283+00:00 DEBUG 'ansible_navigator.main' Looking in /home/student/EX374/custom-ee-python
2024-12-31T09:20:30.722302+00:00 DEBUG 'ansible_navigator.main' Looking for '/home/student/EX374/custom-ee-python/ansible-navigator.yml', '/home/student/EX374/custom-ee-python/ansible-navigator.yaml' and '/home/student/EX374/custom-ee-python/ansible-navigator.json'
2024-12-31T09:20:30.722323+00:00 DEBUG 'ansible_navigator.main' Found 0: 
2024-12-31T09:20:30.722342+00:00 DEBUG 'ansible_navigator.main' All found 0: 
2024-12-31T09:20:30.722360+00:00 DEBUG 'ansible_navigator.main' Using: None
2024-12-31T09:20:30.722379+00:00 DEBUG 'ansible_navigator.main' No valid settings file found, using all default values for settings.
2024-12-31T09:20:30.722399+00:00 DEBUG 'ansible_navigator.main' Command provided: '--eei hub.lab.example.com/custom-ee-python:v1.0 -m interactive -pae false --pp missing'
2024-12-31T09:20:30.722422+00:00 WARNING 'ansible_navigator.main' Configuration errors encountered, rolling back to previous configuration.
2024-12-31T09:20:30.722442+00:00 DEBUG 'ansible_navigator.main' Prior to rollback: ansible_runner_artifact_dir = 'Not set' (Constants/Not set)
2024-12-31T09:20:30.722461+00:00 DEBUG 'ansible_navigator.main' Prior to rollback: ansible_runner_rotate_artifacts_count = 'Not set' (Constants/Not set)
2024-12-31T09:20:30.722480+00:00 DEBUG 'ansible_navigator.main' Prior to rollback: ansible_runner_timeout = 'Not set' (Constants/Not set)
2024-12-31T09:20:30.722499+00:00 DEBUG 'ansible_navigator.main' Prior to rollback: app = 'welcome' (str/Defaults)
2024-12-31T09:20:30.722518+00:00 DEBUG 'ansible_navigator.main' Prior to rollback: cmdline = '['--eei', 'hub.lab.example.com/custom-ee-python:v1.0', '-m', 'interactive', '-pae', 'false', '--pp', 'missing']' (list/Command line)
2024-12-31T09:20:30.722538+00:00 DEBUG 'ansible_navigator.main' Prior to rollback: collection_doc_cache_path = '/home/student/.cache/ansible-navigator/collection_doc_cache.db' (str/Defaults)
2024-12-31T09:20:30.722557+00:00 DEBUG 'ansible_navigator.main' Prior to rollback: config = 'Not set' (Constants/Not set)
2024-12-31T09:20:30.722576+00:00 DEBUG 'ansible_navigator.main' Prior to rollback: container_engine = 'auto' (str/Defaults)
2024-12-31T09:20:30.722595+00:00 DEBUG 'ansible_navigator.main' Prior to rollback: container_options = 'Not set' (Constants/Not set)
2024-12-31T09:20:30.722614+00:00 DEBUG 'ansible_navigator.main' Prior to rollback: display_color = 'True' (bool/Defaults)
2024-12-31T09:20:30.722633+00:00 DEBUG 'ansible_navigator.main' Prior to rollback: editor_command = 'vi +{line_number} {filename}' (str/Defaults)
2024-12-31T09:20:30.722652+00:00 DEBUG 'ansible_navigator.main' Prior to rollback: editor_console = 'True' (bool/Defaults)
2024-12-31T09:20:30.722671+00:00 DEBUG 'ansible_navigator.main' Prior to rollback: exec_command = '/bin/bash' (str/Defaults)
2024-12-31T09:20:30.722701+00:00 DEBUG 'ansible_navigator.main' Prior to rollback: exec_shell = 'True' (bool/Defaults)
2024-12-31T09:20:30.722721+00:00 DEBUG 'ansible_navigator.main' Prior to rollback: execution_environment = 'True' (bool/Defaults)
2024-12-31T09:20:30.722739+00:00 DEBUG 'ansible_navigator.main' Prior to rollback: execution_environment_image = 'hub.lab.example.com/custom-ee-python:v1.0' (str/Command line)
2024-12-31T09:20:30.722758+00:00 DEBUG 'ansible_navigator.main' Prior to rollback: execution_environment_volume_mounts = 'Not set' (Constants/Not set)
2024-12-31T09:20:30.722777+00:00 DEBUG 'ansible_navigator.main' Prior to rollback: help_builder = 'False' (bool/Defaults)
2024-12-31T09:20:30.722796+00:00 DEBUG 'ansible_navigator.main' Prior to rollback: help_config = 'False' (bool/Defaults)
2024-12-31T09:20:30.722816+00:00 DEBUG 'ansible_navigator.main' Prior to rollback: help_doc = 'False' (bool/Defaults)
2024-12-31T09:20:30.722834+00:00 DEBUG 'ansible_navigator.main' Prior to rollback: help_inventory = 'False' (bool/Defaults)
2024-12-31T09:20:30.722853+00:00 DEBUG 'ansible_navigator.main' Prior to rollback: help_playbook = 'False' (bool/Defaults)
2024-12-31T09:20:30.722881+00:00 DEBUG 'ansible_navigator.main' Prior to rollback: images_details = '['everything']' (list/Defaults)
2024-12-31T09:20:30.722903+00:00 DEBUG 'ansible_navigator.main' Prior to rollback: inventory = 'Not set' (Constants/Not set)
2024-12-31T09:20:30.722922+00:00 DEBUG 'ansible_navigator.main' Prior to rollback: inventory_column = 'Not set' (Constants/Not set)
2024-12-31T09:20:30.722942+00:00 DEBUG 'ansible_navigator.main' Prior to rollback: lint_config = 'Not set' (Constants/Not set)
2024-12-31T09:20:30.722969+00:00 DEBUG 'ansible_navigator.main' Prior to rollback: lintables = 'Not set' (Constants/Not set)
2024-12-31T09:20:30.723004+00:00 DEBUG 'ansible_navigator.main' Prior to rollback: log_append = 'True' (bool/Defaults)
2024-12-31T09:20:30.723024+00:00 DEBUG 'ansible_navigator.main' Prior to rollback: log_file = '/home/student/EX374/custom-ee-python/ansible-navigator.log' (str/Defaults)
2024-12-31T09:20:30.723043+00:00 DEBUG 'ansible_navigator.main' Prior to rollback: log_level = 'warning' (str/Defaults)
2024-12-31T09:20:30.723062+00:00 DEBUG 'ansible_navigator.main' Prior to rollback: mode = 'interactive' (str/Command line)
2024-12-31T09:20:30.723081+00:00 DEBUG 'ansible_navigator.main' Prior to rollback: osc4 = 'True' (bool/Defaults)
2024-12-31T09:20:30.723100+00:00 DEBUG 'ansible_navigator.main' Prior to rollback: pass_environment_variable = 'Not set' (Constants/Not set)
2024-12-31T09:20:30.723119+00:00 DEBUG 'ansible_navigator.main' Prior to rollback: playbook = 'Not set' (Constants/Not set)
2024-12-31T09:20:30.723137+00:00 DEBUG 'ansible_navigator.main' Prior to rollback: playbook_artifact_enable = 'True' (bool/Defaults)
2024-12-31T09:20:30.723156+00:00 DEBUG 'ansible_navigator.main' Prior to rollback: playbook_artifact_replay = 'Not set' (Constants/Not set)
2024-12-31T09:20:30.723175+00:00 DEBUG 'ansible_navigator.main' Prior to rollback: playbook_artifact_save_as = '{playbook_dir}/{playbook_name}-artifact-{time_stamp}.json' (str/Defaults)
2024-12-31T09:20:30.723193+00:00 DEBUG 'ansible_navigator.main' Prior to rollback: plugin_name = 'Not set' (Constants/Not set)
2024-12-31T09:20:30.723212+00:00 DEBUG 'ansible_navigator.main' Prior to rollback: plugin_type = 'module' (str/Defaults)
2024-12-31T09:20:30.723230+00:00 DEBUG 'ansible_navigator.main' Prior to rollback: pull_arguments = 'Not set' (Constants/Not set)
2024-12-31T09:20:30.723249+00:00 DEBUG 'ansible_navigator.main' Prior to rollback: pull_policy = 'tag' (str/Defaults)
2024-12-31T09:20:30.723268+00:00 DEBUG 'ansible_navigator.main' Prior to rollback: set_environment_variable = 'Not set' (Constants/Not set)
2024-12-31T09:20:30.723287+00:00 DEBUG 'ansible_navigator.main' Prior to rollback: settings_effective = 'False' (bool/Defaults)
2024-12-31T09:20:30.723306+00:00 DEBUG 'ansible_navigator.main' Prior to rollback: settings_sample = 'False' (bool/Defaults)
2024-12-31T09:20:30.723336+00:00 DEBUG 'ansible_navigator.main' Prior to rollback: settings_schema = 'json' (str/Defaults)
2024-12-31T09:20:30.723356+00:00 DEBUG 'ansible_navigator.main' Prior to rollback: settings_sources = 'False' (bool/Defaults)
2024-12-31T09:20:30.723375+00:00 DEBUG 'ansible_navigator.main' Prior to rollback: time_zone = 'UTC' (str/Defaults)
2024-12-31T09:20:30.723393+00:00 DEBUG 'ansible_navigator.main' Prior to rollback: workdir = '/home/student/EX374/custom-ee-python' (str/Defaults)
2024-12-31T09:20:30.723413+00:00 DEBUG 'ansible_navigator.main' After rollback: ansible_runner_artifact_dir = 'Not set' (Constants/Not set)
2024-12-31T09:20:30.723432+00:00 DEBUG 'ansible_navigator.main' After rollback: ansible_runner_rotate_artifacts_count = 'Not set' (Constants/Not set)
2024-12-31T09:20:30.723451+00:00 DEBUG 'ansible_navigator.main' After rollback: ansible_runner_timeout = 'Not set' (Constants/Not set)
2024-12-31T09:20:30.723470+00:00 DEBUG 'ansible_navigator.main' After rollback: app = 'Not set' (Constants/Not set)
2024-12-31T09:20:30.723489+00:00 DEBUG 'ansible_navigator.main' After rollback: cmdline = 'Not set' (Constants/Not set)
2024-12-31T09:20:30.723508+00:00 DEBUG 'ansible_navigator.main' After rollback: collection_doc_cache_path = 'Not set' (Constants/Not set)
2024-12-31T09:20:30.723527+00:00 DEBUG 'ansible_navigator.main' After rollback: config = 'Not set' (Constants/Not set)
2024-12-31T09:20:30.723546+00:00 DEBUG 'ansible_navigator.main' After rollback: container_engine = 'Not set' (Constants/Not set)
2024-12-31T09:20:30.723564+00:00 DEBUG 'ansible_navigator.main' After rollback: container_options = 'Not set' (Constants/Not set)
2024-12-31T09:20:30.723583+00:00 DEBUG 'ansible_navigator.main' After rollback: display_color = 'Not set' (Constants/Not set)
2024-12-31T09:20:30.723602+00:00 DEBUG 'ansible_navigator.main' After rollback: editor_command = 'Not set' (Constants/Not set)
2024-12-31T09:20:30.723621+00:00 DEBUG 'ansible_navigator.main' After rollback: editor_console = 'Not set' (Constants/Not set)
2024-12-31T09:20:30.723639+00:00 DEBUG 'ansible_navigator.main' After rollback: exec_command = 'Not set' (Constants/Not set)
2024-12-31T09:20:30.723659+00:00 DEBUG 'ansible_navigator.main' After rollback: exec_shell = 'Not set' (Constants/Not set)
2024-12-31T09:20:30.723677+00:00 DEBUG 'ansible_navigator.main' After rollback: execution_environment = 'Not set' (Constants/Not set)
2024-12-31T09:20:30.723696+00:00 DEBUG 'ansible_navigator.main' After rollback: execution_environment_image = 'Not set' (Constants/Not set)
2024-12-31T09:20:30.723715+00:00 DEBUG 'ansible_navigator.main' After rollback: execution_environment_volume_mounts = 'Not set' (Constants/Not set)
2024-12-31T09:20:30.723734+00:00 DEBUG 'ansible_navigator.main' After rollback: help_builder = 'Not set' (Constants/Not set)
2024-12-31T09:20:30.723753+00:00 DEBUG 'ansible_navigator.main' After rollback: help_config = 'Not set' (Constants/Not set)
2024-12-31T09:20:30.723772+00:00 DEBUG 'ansible_navigator.main' After rollback: help_doc = 'Not set' (Constants/Not set)
2024-12-31T09:20:30.723791+00:00 DEBUG 'ansible_navigator.main' After rollback: help_inventory = 'Not set' (Constants/Not set)
2024-12-31T09:20:30.723809+00:00 DEBUG 'ansible_navigator.main' After rollback: help_playbook = 'Not set' (Constants/Not set)
2024-12-31T09:20:30.723828+00:00 DEBUG 'ansible_navigator.main' After rollback: images_details = 'Not set' (Constants/Not set)
2024-12-31T09:20:30.723847+00:00 DEBUG 'ansible_navigator.main' After rollback: inventory = 'Not set' (Constants/Not set)
2024-12-31T09:20:30.723866+00:00 DEBUG 'ansible_navigator.main' After rollback: inventory_column = 'Not set' (Constants/Not set)
2024-12-31T09:20:30.723893+00:00 DEBUG 'ansible_navigator.main' After rollback: lint_config = 'Not set' (Constants/Not set)
2024-12-31T09:20:30.723915+00:00 DEBUG 'ansible_navigator.main' After rollback: lintables = 'Not set' (Constants/Not set)
2024-12-31T09:20:30.723933+00:00 DEBUG 'ansible_navigator.main' After rollback: log_append = 'Not set' (Constants/Not set)
2024-12-31T09:20:30.723973+00:00 DEBUG 'ansible_navigator.main' After rollback: log_file = 'Not set' (Constants/Not set)
2024-12-31T09:20:30.724007+00:00 DEBUG 'ansible_navigator.main' After rollback: log_level = 'Not set' (Constants/Not set)
2024-12-31T09:20:30.724027+00:00 DEBUG 'ansible_navigator.main' After rollback: mode = 'Not set' (Constants/Not set)
2024-12-31T09:20:30.724046+00:00 DEBUG 'ansible_navigator.main' After rollback: osc4 = 'Not set' (Constants/Not set)
2024-12-31T09:20:30.724065+00:00 DEBUG 'ansible_navigator.main' After rollback: pass_environment_variable = 'Not set' (Constants/Not set)
2024-12-31T09:20:30.724084+00:00 DEBUG 'ansible_navigator.main' After rollback: playbook = 'Not set' (Constants/Not set)
2024-12-31T09:20:30.724103+00:00 DEBUG 'ansible_navigator.main' After rollback: playbook_artifact_enable = 'Not set' (Constants/Not set)
2024-12-31T09:20:30.724123+00:00 DEBUG 'ansible_navigator.main' After rollback: playbook_artifact_replay = 'Not set' (Constants/Not set)
2024-12-31T09:20:30.724142+00:00 DEBUG 'ansible_navigator.main' After rollback: playbook_artifact_save_as = 'Not set' (Constants/Not set)
2024-12-31T09:20:30.724160+00:00 DEBUG 'ansible_navigator.main' After rollback: plugin_name = 'Not set' (Constants/Not set)
2024-12-31T09:20:30.724179+00:00 DEBUG 'ansible_navigator.main' After rollback: plugin_type = 'Not set' (Constants/Not set)
2024-12-31T09:20:30.724198+00:00 DEBUG 'ansible_navigator.main' After rollback: pull_arguments = 'Not set' (Constants/Not set)
2024-12-31T09:20:30.724217+00:00 DEBUG 'ansible_navigator.main' After rollback: pull_policy = 'Not set' (Constants/Not set)
2024-12-31T09:20:30.724236+00:00 DEBUG 'ansible_navigator.main' After rollback: set_environment_variable = 'Not set' (Constants/Not set)
2024-12-31T09:20:30.724255+00:00 DEBUG 'ansible_navigator.main' After rollback: settings_effective = 'Not set' (Constants/Not set)
2024-12-31T09:20:30.724274+00:00 DEBUG 'ansible_navigator.main' After rollback: settings_sample = 'Not set' (Constants/Not set)
2024-12-31T09:20:30.724293+00:00 DEBUG 'ansible_navigator.main' After rollback: settings_schema = 'Not set' (Constants/Not set)
2024-12-31T09:20:30.724311+00:00 DEBUG 'ansible_navigator.main' After rollback: settings_sources = 'Not set' (Constants/Not set)
2024-12-31T09:20:30.724330+00:00 DEBUG 'ansible_navigator.main' After rollback: time_zone = 'Not set' (Constants/Not set)
2024-12-31T09:20:30.724350+00:00 DEBUG 'ansible_navigator.main' After rollback: workdir = 'Not set' (Constants/Not set)
2024-12-31T09:20:30.724369+00:00 DEBUG 'ansible_navigator.main' Configuration rollback complete.
2024-12-31T09:20:30.724389+00:00 DEBUG 'ansible_navigator.main' Collection doc cache not mounted
2024-12-31T09:20:30.724421+00:00 WARNING 'ansible_navigator.main' Issues were found while applying the settings.
2024-12-31T09:20:30.724445+00:00 INFO 'ansible_navigator.main' Command provided: '--eei hub.lab.example.com/custom-ee-python:v1.0 -m interactive -pae false --pp missing'
2024-12-31T09:20:30.724473+00:00 ERROR 'ansible_navigator.main' argument {subcommand} --help: invalid choice: 'false' (choose from 'builder', 'collections', 'config', 'doc', 'exec', 'images', 'inventory', 'lint', 'replay', 'run', 'settings', 'welcome')
2024-12-31T09:20:30.724497+00:00 INFO 'ansible_navigator.main' Configuration failed, using default log file location. (/home/student/EX374/custom-ee-python/ansible-navigator.log) Log level set to debug
2024-12-31T09:20:30.724523+00:00 INFO 'ansible_navigator.main' Review the hints and log file to see what went wrong.
2024-12-31T09:20:40.197327+00:00 INFO 'ansible_navigator.setup_logger' New ansible-navigator instance, logging initialized
2024-12-31T09:20:40.197725+00:00 INFO 'ansible_navigator.setup_logger' New ansible-runner instance, logging initialized
2024-12-31T09:20:40.197782+00:00 DEBUG 'ansible_navigator.main' ansible-builder==1.1.0 /usr/lib/python3.9/site-packages
2024-12-31T09:20:40.197819+00:00 DEBUG 'ansible_navigator.main' ansible-core==2.13.4 /usr/lib/python3.9/site-packages
2024-12-31T09:20:40.197860+00:00 DEBUG 'ansible_navigator.main' ansible-navigator==2.1.0 /usr/lib/python3.9/site-packages
2024-12-31T09:20:40.197884+00:00 DEBUG 'ansible_navigator.main' ansible-runner==2.2.1 /usr/lib/python3.9/site-packages
2024-12-31T09:20:40.197905+00:00 DEBUG 'ansible_navigator.main' attrs==21.4.0 /usr/lib/python3.9/site-packages
2024-12-31T09:20:40.197926+00:00 DEBUG 'ansible_navigator.main' bindep==2.10.2 /usr/lib/python3.9/site-packages
2024-12-31T09:20:40.197946+00:00 DEBUG 'ansible_navigator.main' cffi==1.14.3 /usr/lib64/python3.9/site-packages
2024-12-31T09:20:40.198004+00:00 DEBUG 'ansible_navigator.main' cryptography==3.3.1 /usr/lib64/python3.9/site-packages
2024-12-31T09:20:40.198034+00:00 DEBUG 'ansible_navigator.main' distro==1.6.0 /usr/lib/python3.9/site-packages
2024-12-31T09:20:40.198054+00:00 DEBUG 'ansible_navigator.main' docutils==0.16 /usr/lib/python3.9/site-packages
2024-12-31T09:20:40.198074+00:00 DEBUG 'ansible_navigator.main' idna==2.10 /usr/lib/python3.9/site-packages
2024-12-31T09:20:40.198094+00:00 DEBUG 'ansible_navigator.main' importlib-metadata==4.10.1 /usr/lib/python3.9/site-packages
2024-12-31T09:20:40.198115+00:00 DEBUG 'ansible_navigator.main' jinja2==3.0.3 /usr/lib/python3.9/site-packages
2024-12-31T09:20:40.198138+00:00 DEBUG 'ansible_navigator.main' jsonschema==4.6.0 /usr/lib/python3.9/site-packages
2024-12-31T09:20:40.198158+00:00 DEBUG 'ansible_navigator.main' lockfile==0.12.2 /usr/lib/python3.9/site-packages
2024-12-31T09:20:40.198178+00:00 DEBUG 'ansible_navigator.main' markupsafe==2.1.0 /usr/lib64/python3.9/site-packages
2024-12-31T09:20:40.198198+00:00 DEBUG 'ansible_navigator.main' onigurumacffi==1.1.0 /usr/lib64/python3.9/site-packages
2024-12-31T09:20:40.198218+00:00 DEBUG 'ansible_navigator.main' packaging==21.3 /usr/lib/python3.9/site-packages
2024-12-31T09:20:40.198237+00:00 DEBUG 'ansible_navigator.main' parsley==1.3 /usr/lib/python3.9/site-packages
2024-12-31T09:20:40.198257+00:00 DEBUG 'ansible_navigator.main' pbr==5.8.1 /usr/lib/python3.9/site-packages
2024-12-31T09:20:40.198277+00:00 DEBUG 'ansible_navigator.main' pexpect==4.8.0 /usr/lib/python3.9/site-packages
2024-12-31T09:20:40.198296+00:00 DEBUG 'ansible_navigator.main' pip==20.2.4 /usr/lib/python3.9/site-packages
2024-12-31T09:20:40.198318+00:00 DEBUG 'ansible_navigator.main' ply==3.11 /usr/lib/python3.9/site-packages
2024-12-31T09:20:40.198340+00:00 DEBUG 'ansible_navigator.main' ptyprocess==0.6.0 /usr/lib/python3.9/site-packages
2024-12-31T09:20:40.198359+00:00 DEBUG 'ansible_navigator.main' pycparser==2.20 /usr/lib/python3.9/site-packages
2024-12-31T09:20:40.198379+00:00 DEBUG 'ansible_navigator.main' pyparsing==2.4.7 /usr/lib/python3.9/site-packages
2024-12-31T09:20:40.198398+00:00 DEBUG 'ansible_navigator.main' pyrsistent==0.18.1 /usr/lib64/python3.9/site-packages
2024-12-31T09:20:40.198418+00:00 DEBUG 'ansible_navigator.main' python-daemon==2.3.0 /usr/lib/python3.9/site-packages
2024-12-31T09:20:40.198437+00:00 DEBUG 'ansible_navigator.main' pyyaml==5.4.1 /usr/lib64/python3.9/site-packages
2024-12-31T09:20:40.198456+00:00 DEBUG 'ansible_navigator.main' requirements-parser==0.2.0 /usr/lib/python3.9/site-packages
2024-12-31T09:20:40.198476+00:00 DEBUG 'ansible_navigator.main' resolvelib==0.5.4 /usr/lib/python3.9/site-packages
2024-12-31T09:20:40.198495+00:00 DEBUG 'ansible_navigator.main' setuptools==50.3.2 /usr/lib/python3.9/site-packages
2024-12-31T09:20:40.198515+00:00 DEBUG 'ansible_navigator.main' six==1.15.0 /usr/lib/python3.9/site-packages
2024-12-31T09:20:40.198534+00:00 DEBUG 'ansible_navigator.main' typing-extensions==3.10.0.2 /usr/lib/python3.9/site-packages
2024-12-31T09:20:40.198554+00:00 DEBUG 'ansible_navigator.main' zipp==3.4.0 /usr/lib/python3.9/site-packages
2024-12-31T09:20:40.198573+00:00 DEBUG 'ansible_navigator.main' Share directory '/usr/lib/python3.9/share/ansible_navigator' not found (development path)
2024-12-31T09:20:40.198593+00:00 DEBUG 'ansible_navigator.main' Share directory '/home/student/.local/share/ansible_navigator' not found (userbase)
2024-12-31T09:20:40.198624+00:00 DEBUG 'ansible_navigator.main' Share directory '/usr/share/ansible_navigator' found (sys.prefix)
2024-12-31T09:20:40.198646+00:00 DEBUG 'ansible_navigator.main' Default collection_doc_cache_path set to: /home/student/.cache/ansible-navigator/collection_doc_cache.db
2024-12-31T09:20:40.198666+00:00 DEBUG 'ansible_navigator.main' EDITOR environment variable not set
2024-12-31T09:20:40.198686+00:00 DEBUG 'ansible_navigator.main' Default editor_command set to: vi +{line_number} {filename}
2024-12-31T09:20:40.198706+00:00 DEBUG 'ansible_navigator.main' No config file set by ANSIBLE_NAVIGATOR_CONFIG
2024-12-31T09:20:40.198726+00:00 DEBUG 'ansible_navigator.main' Looking in /home/student
2024-12-31T09:20:40.198745+00:00 DEBUG 'ansible_navigator.main' Looking for '/home/student/.ansible-navigator.yml', '/home/student/.ansible-navigator.yaml' and '/home/student/.ansible-navigator.json'
2024-12-31T09:20:40.198777+00:00 DEBUG 'ansible_navigator.main' Found 0: 
2024-12-31T09:20:40.198809+00:00 DEBUG 'ansible_navigator.main' Looking in /home/student/EX374/custom-ee-python
2024-12-31T09:20:40.198831+00:00 DEBUG 'ansible_navigator.main' Looking for '/home/student/EX374/custom-ee-python/ansible-navigator.yml', '/home/student/EX374/custom-ee-python/ansible-navigator.yaml' and '/home/student/EX374/custom-ee-python/ansible-navigator.json'
2024-12-31T09:20:40.198851+00:00 DEBUG 'ansible_navigator.main' Found 0: 
2024-12-31T09:20:40.198871+00:00 DEBUG 'ansible_navigator.main' All found 0: 
2024-12-31T09:20:40.198890+00:00 DEBUG 'ansible_navigator.main' Using: None
2024-12-31T09:20:40.198910+00:00 DEBUG 'ansible_navigator.main' No valid settings file found, using all default values for settings.
2024-12-31T09:20:40.198929+00:00 DEBUG 'ansible_navigator.main' Command provided: '--eei hub.lab.example.com/custom-ee-python:v1.0 -m interactive --pea false --pp missing'
2024-12-31T09:20:40.198953+00:00 WARNING 'ansible_navigator.main' Configuration errors encountered, rolling back to previous configuration.
2024-12-31T09:20:40.199001+00:00 DEBUG 'ansible_navigator.main' Prior to rollback: ansible_runner_artifact_dir = 'Not set' (Constants/Not set)
2024-12-31T09:20:40.199022+00:00 DEBUG 'ansible_navigator.main' Prior to rollback: ansible_runner_rotate_artifacts_count = 'Not set' (Constants/Not set)
2024-12-31T09:20:40.199042+00:00 DEBUG 'ansible_navigator.main' Prior to rollback: ansible_runner_timeout = 'Not set' (Constants/Not set)
2024-12-31T09:20:40.199061+00:00 DEBUG 'ansible_navigator.main' Prior to rollback: app = 'welcome' (str/Defaults)
2024-12-31T09:20:40.199081+00:00 DEBUG 'ansible_navigator.main' Prior to rollback: cmdline = '['--eei', 'hub.lab.example.com/custom-ee-python:v1.0', '-m', 'interactive', '--pea', 'false', '--pp', 'missing']' (list/Command line)
2024-12-31T09:20:40.199102+00:00 DEBUG 'ansible_navigator.main' Prior to rollback: collection_doc_cache_path = '/home/student/.cache/ansible-navigator/collection_doc_cache.db' (str/Defaults)
2024-12-31T09:20:40.199122+00:00 DEBUG 'ansible_navigator.main' Prior to rollback: config = 'Not set' (Constants/Not set)
2024-12-31T09:20:40.199142+00:00 DEBUG 'ansible_navigator.main' Prior to rollback: container_engine = 'auto' (str/Defaults)
2024-12-31T09:20:40.199161+00:00 DEBUG 'ansible_navigator.main' Prior to rollback: container_options = 'Not set' (Constants/Not set)
2024-12-31T09:20:40.199180+00:00 DEBUG 'ansible_navigator.main' Prior to rollback: display_color = 'True' (bool/Defaults)
2024-12-31T09:20:40.199199+00:00 DEBUG 'ansible_navigator.main' Prior to rollback: editor_command = 'vi +{line_number} {filename}' (str/Defaults)
2024-12-31T09:20:40.199219+00:00 DEBUG 'ansible_navigator.main' Prior to rollback: editor_console = 'True' (bool/Defaults)
2024-12-31T09:20:40.199244+00:00 DEBUG 'ansible_navigator.main' Prior to rollback: exec_command = '/bin/bash' (str/Defaults)
2024-12-31T09:20:40.199272+00:00 DEBUG 'ansible_navigator.main' Prior to rollback: exec_shell = 'True' (bool/Defaults)
2024-12-31T09:20:40.199302+00:00 DEBUG 'ansible_navigator.main' Prior to rollback: execution_environment = 'True' (bool/Defaults)
2024-12-31T09:20:40.199347+00:00 DEBUG 'ansible_navigator.main' Prior to rollback: execution_environment_image = 'hub.lab.example.com/custom-ee-python:v1.0' (str/Command line)
2024-12-31T09:20:40.199375+00:00 DEBUG 'ansible_navigator.main' Prior to rollback: execution_environment_volume_mounts = 'Not set' (Constants/Not set)
2024-12-31T09:20:40.199396+00:00 DEBUG 'ansible_navigator.main' Prior to rollback: help_builder = 'False' (bool/Defaults)
2024-12-31T09:20:40.199415+00:00 DEBUG 'ansible_navigator.main' Prior to rollback: help_config = 'False' (bool/Defaults)
2024-12-31T09:20:40.199435+00:00 DEBUG 'ansible_navigator.main' Prior to rollback: help_doc = 'False' (bool/Defaults)
2024-12-31T09:20:40.199455+00:00 DEBUG 'ansible_navigator.main' Prior to rollback: help_inventory = 'False' (bool/Defaults)
2024-12-31T09:20:40.199474+00:00 DEBUG 'ansible_navigator.main' Prior to rollback: help_playbook = 'False' (bool/Defaults)
2024-12-31T09:20:40.199493+00:00 DEBUG 'ansible_navigator.main' Prior to rollback: images_details = '['everything']' (list/Defaults)
2024-12-31T09:20:40.199512+00:00 DEBUG 'ansible_navigator.main' Prior to rollback: inventory = 'Not set' (Constants/Not set)
2024-12-31T09:20:40.199532+00:00 DEBUG 'ansible_navigator.main' Prior to rollback: inventory_column = 'Not set' (Constants/Not set)
2024-12-31T09:20:40.199564+00:00 DEBUG 'ansible_navigator.main' Prior to rollback: lint_config = 'Not set' (Constants/Not set)
2024-12-31T09:20:40.199582+00:00 DEBUG 'ansible_navigator.main' Prior to rollback: lintables = 'Not set' (Constants/Not set)
2024-12-31T09:20:40.199600+00:00 DEBUG 'ansible_navigator.main' Prior to rollback: log_append = 'True' (bool/Defaults)
2024-12-31T09:20:40.199618+00:00 DEBUG 'ansible_navigator.main' Prior to rollback: log_file = '/home/student/EX374/custom-ee-python/ansible-navigator.log' (str/Defaults)
2024-12-31T09:20:40.199636+00:00 DEBUG 'ansible_navigator.main' Prior to rollback: log_level = 'warning' (str/Defaults)
2024-12-31T09:20:40.199655+00:00 DEBUG 'ansible_navigator.main' Prior to rollback: mode = 'interactive' (str/Command line)
2024-12-31T09:20:40.199673+00:00 DEBUG 'ansible_navigator.main' Prior to rollback: osc4 = 'True' (bool/Defaults)
2024-12-31T09:20:40.199691+00:00 DEBUG 'ansible_navigator.main' Prior to rollback: pass_environment_variable = 'Not set' (Constants/Not set)
2024-12-31T09:20:40.199709+00:00 DEBUG 'ansible_navigator.main' Prior to rollback: playbook = 'Not set' (Constants/Not set)
2024-12-31T09:20:40.199727+00:00 DEBUG 'ansible_navigator.main' Prior to rollback: playbook_artifact_enable = 'True' (bool/Defaults)
2024-12-31T09:20:40.199745+00:00 DEBUG 'ansible_navigator.main' Prior to rollback: playbook_artifact_replay = 'Not set' (Constants/Not set)
2024-12-31T09:20:40.199764+00:00 DEBUG 'ansible_navigator.main' Prior to rollback: playbook_artifact_save_as = '{playbook_dir}/{playbook_name}-artifact-{time_stamp}.json' (str/Defaults)
2024-12-31T09:20:40.199782+00:00 DEBUG 'ansible_navigator.main' Prior to rollback: plugin_name = 'Not set' (Constants/Not set)
2024-12-31T09:20:40.199802+00:00 DEBUG 'ansible_navigator.main' Prior to rollback: plugin_type = 'module' (str/Defaults)
2024-12-31T09:20:40.199829+00:00 DEBUG 'ansible_navigator.main' Prior to rollback: pull_arguments = 'Not set' (Constants/Not set)
2024-12-31T09:20:40.199848+00:00 DEBUG 'ansible_navigator.main' Prior to rollback: pull_policy = 'tag' (str/Defaults)
2024-12-31T09:20:40.199866+00:00 DEBUG 'ansible_navigator.main' Prior to rollback: set_environment_variable = 'Not set' (Constants/Not set)
2024-12-31T09:20:40.199885+00:00 DEBUG 'ansible_navigator.main' Prior to rollback: settings_effective = 'False' (bool/Defaults)
2024-12-31T09:20:40.199903+00:00 DEBUG 'ansible_navigator.main' Prior to rollback: settings_sample = 'False' (bool/Defaults)
2024-12-31T09:20:40.199921+00:00 DEBUG 'ansible_navigator.main' Prior to rollback: settings_schema = 'json' (str/Defaults)
2024-12-31T09:20:40.199939+00:00 DEBUG 'ansible_navigator.main' Prior to rollback: settings_sources = 'False' (bool/Defaults)
2024-12-31T09:20:40.199989+00:00 DEBUG 'ansible_navigator.main' Prior to rollback: time_zone = 'UTC' (str/Defaults)
2024-12-31T09:20:40.200015+00:00 DEBUG 'ansible_navigator.main' Prior to rollback: workdir = '/home/student/EX374/custom-ee-python' (str/Defaults)
2024-12-31T09:20:40.200034+00:00 DEBUG 'ansible_navigator.main' After rollback: ansible_runner_artifact_dir = 'Not set' (Constants/Not set)
2024-12-31T09:20:40.200052+00:00 DEBUG 'ansible_navigator.main' After rollback: ansible_runner_rotate_artifacts_count = 'Not set' (Constants/Not set)
2024-12-31T09:20:40.200070+00:00 DEBUG 'ansible_navigator.main' After rollback: ansible_runner_timeout = 'Not set' (Constants/Not set)
2024-12-31T09:20:40.200088+00:00 DEBUG 'ansible_navigator.main' After rollback: app = 'Not set' (Constants/Not set)
2024-12-31T09:20:40.200106+00:00 DEBUG 'ansible_navigator.main' After rollback: cmdline = 'Not set' (Constants/Not set)
2024-12-31T09:20:40.200125+00:00 DEBUG 'ansible_navigator.main' After rollback: collection_doc_cache_path = 'Not set' (Constants/Not set)
2024-12-31T09:20:40.200143+00:00 DEBUG 'ansible_navigator.main' After rollback: config = 'Not set' (Constants/Not set)
2024-12-31T09:20:40.200161+00:00 DEBUG 'ansible_navigator.main' After rollback: container_engine = 'Not set' (Constants/Not set)
2024-12-31T09:20:40.200179+00:00 DEBUG 'ansible_navigator.main' After rollback: container_options = 'Not set' (Constants/Not set)
2024-12-31T09:20:40.200198+00:00 DEBUG 'ansible_navigator.main' After rollback: display_color = 'Not set' (Constants/Not set)
2024-12-31T09:20:40.200216+00:00 DEBUG 'ansible_navigator.main' After rollback: editor_command = 'Not set' (Constants/Not set)
2024-12-31T09:20:40.200234+00:00 DEBUG 'ansible_navigator.main' After rollback: editor_console = 'Not set' (Constants/Not set)
2024-12-31T09:20:40.200252+00:00 DEBUG 'ansible_navigator.main' After rollback: exec_command = 'Not set' (Constants/Not set)
2024-12-31T09:20:40.200270+00:00 DEBUG 'ansible_navigator.main' After rollback: exec_shell = 'Not set' (Constants/Not set)
2024-12-31T09:20:40.200288+00:00 DEBUG 'ansible_navigator.main' After rollback: execution_environment = 'Not set' (Constants/Not set)
2024-12-31T09:20:40.200306+00:00 DEBUG 'ansible_navigator.main' After rollback: execution_environment_image = 'Not set' (Constants/Not set)
2024-12-31T09:20:40.200324+00:00 DEBUG 'ansible_navigator.main' After rollback: execution_environment_volume_mounts = 'Not set' (Constants/Not set)
2024-12-31T09:20:40.200342+00:00 DEBUG 'ansible_navigator.main' After rollback: help_builder = 'Not set' (Constants/Not set)
2024-12-31T09:20:40.200361+00:00 DEBUG 'ansible_navigator.main' After rollback: help_config = 'Not set' (Constants/Not set)
2024-12-31T09:20:40.200378+00:00 DEBUG 'ansible_navigator.main' After rollback: help_doc = 'Not set' (Constants/Not set)
2024-12-31T09:20:40.200414+00:00 DEBUG 'ansible_navigator.main' After rollback: help_inventory = 'Not set' (Constants/Not set)
2024-12-31T09:20:40.200433+00:00 DEBUG 'ansible_navigator.main' After rollback: help_playbook = 'Not set' (Constants/Not set)
2024-12-31T09:20:40.200453+00:00 DEBUG 'ansible_navigator.main' After rollback: images_details = 'Not set' (Constants/Not set)
2024-12-31T09:20:40.200472+00:00 DEBUG 'ansible_navigator.main' After rollback: inventory = 'Not set' (Constants/Not set)
2024-12-31T09:20:40.200491+00:00 DEBUG 'ansible_navigator.main' After rollback: inventory_column = 'Not set' (Constants/Not set)
2024-12-31T09:20:40.200511+00:00 DEBUG 'ansible_navigator.main' After rollback: lint_config = 'Not set' (Constants/Not set)
2024-12-31T09:20:40.200530+00:00 DEBUG 'ansible_navigator.main' After rollback: lintables = 'Not set' (Constants/Not set)
2024-12-31T09:20:40.200549+00:00 DEBUG 'ansible_navigator.main' After rollback: log_append = 'Not set' (Constants/Not set)
2024-12-31T09:20:40.200568+00:00 DEBUG 'ansible_navigator.main' After rollback: log_file = 'Not set' (Constants/Not set)
2024-12-31T09:20:40.200588+00:00 DEBUG 'ansible_navigator.main' After rollback: log_level = 'Not set' (Constants/Not set)
2024-12-31T09:20:40.200619+00:00 DEBUG 'ansible_navigator.main' After rollback: mode = 'Not set' (Constants/Not set)
2024-12-31T09:20:40.200639+00:00 DEBUG 'ansible_navigator.main' After rollback: osc4 = 'Not set' (Constants/Not set)
2024-12-31T09:20:40.200659+00:00 DEBUG 'ansible_navigator.main' After rollback: pass_environment_variable = 'Not set' (Constants/Not set)
2024-12-31T09:20:40.200678+00:00 DEBUG 'ansible_navigator.main' After rollback: playbook = 'Not set' (Constants/Not set)
2024-12-31T09:20:40.200697+00:00 DEBUG 'ansible_navigator.main' After rollback: playbook_artifact_enable = 'Not set' (Constants/Not set)
2024-12-31T09:20:40.200717+00:00 DEBUG 'ansible_navigator.main' After rollback: playbook_artifact_replay = 'Not set' (Constants/Not set)
2024-12-31T09:20:40.200736+00:00 DEBUG 'ansible_navigator.main' After rollback: playbook_artifact_save_as = 'Not set' (Constants/Not set)
2024-12-31T09:20:40.200755+00:00 DEBUG 'ansible_navigator.main' After rollback: plugin_name = 'Not set' (Constants/Not set)
2024-12-31T09:20:40.200774+00:00 DEBUG 'ansible_navigator.main' After rollback: plugin_type = 'Not set' (Constants/Not set)
2024-12-31T09:20:40.200793+00:00 DEBUG 'ansible_navigator.main' After rollback: pull_arguments = 'Not set' (Constants/Not set)
2024-12-31T09:20:40.200814+00:00 DEBUG 'ansible_navigator.main' After rollback: pull_policy = 'Not set' (Constants/Not set)
2024-12-31T09:20:40.200842+00:00 DEBUG 'ansible_navigator.main' After rollback: set_environment_variable = 'Not set' (Constants/Not set)
2024-12-31T09:20:40.200862+00:00 DEBUG 'ansible_navigator.main' After rollback: settings_effective = 'Not set' (Constants/Not set)
2024-12-31T09:20:40.200882+00:00 DEBUG 'ansible_navigator.main' After rollback: settings_sample = 'Not set' (Constants/Not set)
2024-12-31T09:20:40.200901+00:00 DEBUG 'ansible_navigator.main' After rollback: settings_schema = 'Not set' (Constants/Not set)
2024-12-31T09:20:40.200920+00:00 DEBUG 'ansible_navigator.main' After rollback: settings_sources = 'Not set' (Constants/Not set)
2024-12-31T09:20:40.200939+00:00 DEBUG 'ansible_navigator.main' After rollback: time_zone = 'Not set' (Constants/Not set)
2024-12-31T09:20:40.200966+00:00 DEBUG 'ansible_navigator.main' After rollback: workdir = 'Not set' (Constants/Not set)
2024-12-31T09:20:40.200999+00:00 DEBUG 'ansible_navigator.main' Configuration rollback complete.
2024-12-31T09:20:40.201020+00:00 DEBUG 'ansible_navigator.main' Collection doc cache not mounted
2024-12-31T09:20:40.201057+00:00 WARNING 'ansible_navigator.main' Issues were found while applying the settings.
2024-12-31T09:20:40.201080+00:00 INFO 'ansible_navigator.main' Command provided: '--eei hub.lab.example.com/custom-ee-python:v1.0 -m interactive --pea false --pp missing'
2024-12-31T09:20:40.201109+00:00 ERROR 'ansible_navigator.main' argument {subcommand} --help: invalid choice: 'false' (choose from 'builder', 'collections', 'config', 'doc', 'exec', 'images', 'inventory', 'lint', 'replay', 'run', 'settings', 'welcome')
2024-12-31T09:20:40.201133+00:00 INFO 'ansible_navigator.main' Configuration failed, using default log file location. (/home/student/EX374/custom-ee-python/ansible-navigator.log) Log level set to debug
2024-12-31T09:20:40.201168+00:00 INFO 'ansible_navigator.main' Review the hints and log file to see what went wrong.
2024-12-31T11:11:35.153760+00:00 WARNING 'ansible_navigator.image_manager.puller._log_message' Image inspection failed, image assumed to be corrupted or missing
2024-12-31T11:11:35.528818+00:00 ERROR 'ansible_navigator.image_manager.puller._log_message' Execution environment pull failed
